# JRE version: OpenJDK Runtime Environment (17.0.11) (build 17.0.11+0--11852314)
# Java VM: OpenJDK 64-Bit Server VM (17.0.11+0--11852314, mixed mode, tiered, compressed oops, compressed class ptrs, g1 gc, windows-amd64)
GC Precious Log:
 CPUs: 8 total, 8 available
 Memory: 8030M
 Large Page Support: Disabled
 NUMA Support: Disabled
 Compressed Oops: Enabled (32-bit)
 Heap Region Size: 1M
 Heap Min Capacity: 8M
 Heap Initial Capacity: 126M
 Heap Max Capacity: 2008M
 Pre-touch: Disabled
 Parallel Workers: 8
 Concurrent Workers: 2
 Concurrent Refinement Workers: 8
 Periodic GC: Disabled
Heap:
 garbage-first heap   total 329728K, used 125721K [0x0000000082800000, 0x0000000100000000)
  region size 1024K, 20 young (20480K), 5 survivors (5120K)
 Metaspace       used 74207K, committed 74560K, reserved 1179648K
  class space    used 8120K, committed 8320K, reserved 1048576K
GC Heap History (20 events):
Event: 28.023 GC heap before
{Heap before GC invocations=26 (full 0):
 garbage-first heap   total 134144K, used 107262K [0x0000000082800000, 0x0000000100000000)
  region size 1024K, 39 young (39936K), 4 survivors (4096K)
 Metaspace       used 60996K, committed 61248K, reserved 1114112K
  class space    used 6948K, committed 7040K, reserved 1048576K
}
Event: 28.039 GC heap after
{Heap after GC invocations=27 (full 0):
 garbage-first heap   total 134144K, used 74964K [0x0000000082800000, 0x0000000100000000)
  region size 1024K, 4 young (4096K), 4 survivors (4096K)
 Metaspace       used 60996K, committed 61248K, reserved 1114112K
  class space    used 6948K, committed 7040K, reserved 1048576K
}
Event: 28.180 GC heap before
{Heap before GC invocations=27 (full 0):
 garbage-first heap   total 134144K, used 107732K [0x0000000082800000, 0x0000000100000000)
  region size 1024K, 36 young (36864K), 4 survivors (4096K)
 Metaspace       used 60996K, committed 61248K, reserved 1114112K
  class space    used 6948K, committed 7040K, reserved 1048576K
}
Event: 28.193 GC heap after
{Heap after GC invocations=28 (full 0):
 garbage-first heap   total 164864K, used 78979K [0x0000000082800000, 0x0000000100000000)
  region size 1024K, 4 young (4096K), 4 survivors (4096K)
 Metaspace       used 60996K, committed 61248K, reserved 1114112K
  class space    used 6948K, committed 7040K, reserved 1048576K
}
Event: 31.542 GC heap before
{Heap before GC invocations=28 (full 0):
 garbage-first heap   total 164864K, used 133251K [0x0000000082800000, 0x0000000100000000)
  region size 1024K, 55 young (56320K), 4 survivors (4096K)
 Metaspace       used 61735K, committed 61952K, reserved 1114112K
  class space    used 6958K, committed 7040K, reserved 1048576K
}
Event: 31.559 GC heap after
{Heap after GC invocations=29 (full 0):
 garbage-first heap   total 164864K, used 86495K [0x0000000082800000, 0x0000000100000000)
  region size 1024K, 6 young (6144K), 6 survivors (6144K)
 Metaspace       used 61735K, committed 61952K, reserved 1114112K
  class space    used 6958K, committed 7040K, reserved 1048576K
}
Event: 34.780 GC heap before
{Heap before GC invocations=29 (full 0):
 garbage-first heap   total 164864K, used 132575K [0x0000000082800000, 0x0000000100000000)
  region size 1024K, 51 young (52224K), 6 survivors (6144K)
 Metaspace       used 62116K, committed 62400K, reserved 1114112K
  class space    used 6962K, committed 7104K, reserved 1048576K
}
Event: 34.807 GC heap after
{Heap after GC invocations=30 (full 0):
 garbage-first heap   total 164864K, used 89566K [0x0000000082800000, 0x0000000100000000)
  region size 1024K, 3 young (3072K), 3 survivors (3072K)
 Metaspace       used 62116K, committed 62400K, reserved 1114112K
  class space    used 6962K, committed 7104K, reserved 1048576K
}
Event: 36.899 GC heap before
{Heap before GC invocations=30 (full 0):
 garbage-first heap   total 164864K, used 134622K [0x0000000082800000, 0x0000000100000000)
  region size 1024K, 47 young (48128K), 3 survivors (3072K)
 Metaspace       used 62420K, committed 62784K, reserved 1114112K
  class space    used 6964K, committed 7168K, reserved 1048576K
}
Event: 36.917 GC heap after
{Heap after GC invocations=31 (full 0):
 garbage-first heap   total 164864K, used 92638K [0x0000000082800000, 0x0000000100000000)
  region size 1024K, 6 young (6144K), 6 survivors (6144K)
 Metaspace       used 62420K, committed 62784K, reserved 1114112K
  class space    used 6964K, committed 7168K, reserved 1048576K
}
Event: 38.263 GC heap before
{Heap before GC invocations=32 (full 0):
 garbage-first heap   total 164864K, used 135646K [0x0000000082800000, 0x0000000100000000)
  region size 1024K, 48 young (49152K), 6 survivors (6144K)
 Metaspace       used 63776K, committed 64064K, reserved 1114112K
  class space    used 7087K, committed 7232K, reserved 1048576K
}
Event: 38.283 GC heap after
{Heap after GC invocations=33 (full 0):
 garbage-first heap   total 164864K, used 94626K [0x0000000082800000, 0x0000000100000000)
  region size 1024K, 6 young (6144K), 6 survivors (6144K)
 Metaspace       used 63776K, committed 64064K, reserved 1114112K
  class space    used 7087K, committed 7232K, reserved 1048576K
}
Event: 38.329 GC heap before
{Heap before GC invocations=33 (full 0):
 garbage-first heap   total 164864K, used 95650K [0x0000000082800000, 0x0000000100000000)
  region size 1024K, 8 young (8192K), 6 survivors (6144K)
 Metaspace       used 63869K, committed 64192K, reserved 1114112K
  class space    used 7099K, committed 7296K, reserved 1048576K
}
Event: 38.345 GC heap after
{Heap after GC invocations=34 (full 0):
 garbage-first heap   total 164864K, used 93924K [0x0000000082800000, 0x0000000100000000)
  region size 1024K, 1 young (1024K), 1 survivors (1024K)
 Metaspace       used 63869K, committed 64192K, reserved 1114112K
  class space    used 7099K, committed 7296K, reserved 1048576K
}
Event: 40.319 GC heap before
{Heap before GC invocations=34 (full 0):
 garbage-first heap   total 164864K, used 136932K [0x0000000082800000, 0x0000000100000000)
  region size 1024K, 43 young (44032K), 1 survivors (1024K)
 Metaspace       used 70242K, committed 70528K, reserved 1114112K
  class space    used 7728K, committed 7872K, reserved 1048576K
}
Event: 40.336 GC heap after
{Heap after GC invocations=35 (full 0):
 garbage-first heap   total 164864K, used 96447K [0x0000000082800000, 0x0000000100000000)
  region size 1024K, 4 young (4096K), 4 survivors (4096K)
 Metaspace       used 70242K, committed 70528K, reserved 1114112K
  class space    used 7728K, committed 7872K, reserved 1048576K
}
Event: 41.983 GC heap before
{Heap before GC invocations=35 (full 0):
 garbage-first heap   total 164864K, used 137407K [0x0000000082800000, 0x0000000100000000)
  region size 1024K, 44 young (45056K), 4 survivors (4096K)
 Metaspace       used 72793K, committed 73152K, reserved 1114112K
  class space    used 8014K, committed 8192K, reserved 1048576K
}
Event: 42.014 GC heap after
{Heap after GC invocations=36 (full 0):
 garbage-first heap   total 164864K, used 102716K [0x0000000082800000, 0x0000000100000000)
  region size 1024K, 6 young (6144K), 6 survivors (6144K)
 Metaspace       used 72793K, committed 73152K, reserved 1114112K
  class space    used 8014K, committed 8192K, reserved 1048576K
}
Event: 43.135 GC heap before
{Heap before GC invocations=36 (full 0):
 garbage-first heap   total 164864K, used 136508K [0x0000000082800000, 0x0000000100000000)
  region size 1024K, 39 young (39936K), 6 survivors (6144K)
 Metaspace       used 73504K, committed 73920K, reserved 1179648K
  class space    used 8059K, committed 8256K, reserved 1048576K
}
Event: 43.173 GC heap after
{Heap after GC invocations=37 (full 0):
 garbage-first heap   total 329728K, used 111385K [0x0000000082800000, 0x0000000100000000)
  region size 1024K, 5 young (5120K), 5 survivors (5120K)
 Metaspace       used 73504K, committed 73920K, reserved 1179648K
  class space    used 8059K, committed 8256K, reserved 1048576K
}

