# JRE version: OpenJDK Runtime Environment (17.0.11) (build 17.0.11+0--11852314)
# Java VM: OpenJDK 64-Bit Server VM (17.0.11+0--11852314, mixed mode, tiered, compressed oops, compressed class ptrs, g1 gc, windows-amd64)
GC Precious Log:
 CPUs: 8 total, 8 available
 Memory: 8030M
 Large Page Support: Disabled
 NUMA Support: Disabled
 Compressed Oops: Enabled (32-bit)
 Heap Region Size: 1M
 Heap Min Capacity: 8M
 Heap Initial Capacity: 126M
 Heap Max Capacity: 2008M
 Pre-touch: Disabled
 Parallel Workers: 8
 Concurrent Workers: 2
 Concurrent Refinement Workers: 8
 Periodic GC: Disabled
Heap:
 garbage-first heap   total 188416K, used 119211K [0x0000000082800000, 0x0000000100000000)
  region size 1024K, 6 young (6144K), 6 survivors (6144K)
 Metaspace       used 84260K, committed 84672K, reserved 1179648K
  class space    used 9133K, committed 9344K, reserved 1048576K
GC Heap History (20 events):
Event: 22.280 GC heap after
{Heap after GC invocations=24 (full 0):
 garbage-first heap   total 106496K, used 62877K [0x0000000082800000, 0x0000000100000000)
  region size 1024K, 4 young (4096K), 4 survivors (4096K)
 Metaspace       used 60248K, committed 60544K, reserved 1114112K
  class space    used 6923K, committed 7104K, reserved 1048576K
}
Event: 22.409 GC heap before
{Heap before GC invocations=24 (full 0):
 garbage-first heap   total 106496K, used 63901K [0x0000000082800000, 0x0000000100000000)
  region size 1024K, 5 young (5120K), 4 survivors (4096K)
 Metaspace       used 60263K, committed 60608K, reserved 1114112K
  class space    used 6924K, committed 7104K, reserved 1048576K
}
Event: 22.436 GC heap after
{Heap after GC invocations=25 (full 0):
 garbage-first heap   total 188416K, used 62539K [0x0000000082800000, 0x0000000100000000)
  region size 1024K, 1 young (1024K), 1 survivors (1024K)
 Metaspace       used 60263K, committed 60608K, reserved 1114112K
  class space    used 6924K, committed 7104K, reserved 1048576K
}
Event: 25.713 GC heap before
{Heap before GC invocations=25 (full 0):
 garbage-first heap   total 188416K, used 141387K [0x0000000082800000, 0x0000000100000000)
  region size 1024K, 75 young (76800K), 1 survivors (1024K)
 Metaspace       used 61062K, committed 61376K, reserved 1114112K
  class space    used 6949K, committed 7104K, reserved 1048576K
}
Event: 25.732 GC heap after
{Heap after GC invocations=26 (full 0):
 garbage-first heap   total 188416K, used 71737K [0x0000000082800000, 0x0000000100000000)
  region size 1024K, 8 young (8192K), 8 survivors (8192K)
 Metaspace       used 61062K, committed 61376K, reserved 1114112K
  class space    used 6949K, committed 7104K, reserved 1048576K
}
Event: 26.083 GC heap before
{Heap before GC invocations=26 (full 0):
 garbage-first heap   total 188416K, used 139321K [0x0000000082800000, 0x0000000100000000)
  region size 1024K, 74 young (75776K), 8 survivors (8192K)
 Metaspace       used 61062K, committed 61376K, reserved 1114112K
  class space    used 6949K, committed 7104K, reserved 1048576K
}
Event: 26.108 GC heap after
{Heap after GC invocations=27 (full 0):
 garbage-first heap   total 188416K, used 79872K [0x0000000082800000, 0x0000000100000000)
  region size 1024K, 8 young (8192K), 8 survivors (8192K)
 Metaspace       used 61062K, committed 61376K, reserved 1114112K
  class space    used 6949K, committed 7104K, reserved 1048576K
}
Event: 30.770 GC heap before
{Heap before GC invocations=27 (full 0):
 garbage-first heap   total 188416K, used 146432K [0x0000000082800000, 0x0000000100000000)
  region size 1024K, 71 young (72704K), 8 survivors (8192K)
 Metaspace       used 61818K, committed 62144K, reserved 1114112K
  class space    used 6960K, committed 7104K, reserved 1048576K
}
Event: 30.797 GC heap after
{Heap after GC invocations=28 (full 0):
 garbage-first heap   total 188416K, used 87398K [0x0000000082800000, 0x0000000100000000)
  region size 1024K, 6 young (6144K), 6 survivors (6144K)
 Metaspace       used 61818K, committed 62144K, reserved 1114112K
  class space    used 6960K, committed 7104K, reserved 1048576K
}
Event: 35.101 GC heap before
{Heap before GC invocations=28 (full 0):
 garbage-first heap   total 188416K, used 147814K [0x0000000082800000, 0x0000000100000000)
  region size 1024K, 65 young (66560K), 6 survivors (6144K)
 Metaspace       used 62322K, committed 62656K, reserved 1114112K
  class space    used 6962K, committed 7168K, reserved 1048576K
}
Event: 35.129 GC heap after
{Heap after GC invocations=29 (full 0):
 garbage-first heap   total 188416K, used 91307K [0x0000000082800000, 0x0000000100000000)
  region size 1024K, 4 young (4096K), 4 survivors (4096K)
 Metaspace       used 62322K, committed 62656K, reserved 1114112K
  class space    used 6962K, committed 7168K, reserved 1048576K
}
Event: 37.847 GC heap before
{Heap before GC invocations=29 (full 0):
 garbage-first heap   total 188416K, used 151723K [0x0000000082800000, 0x0000000100000000)
  region size 1024K, 63 young (64512K), 4 survivors (4096K)
 Metaspace       used 64180K, committed 64512K, reserved 1114112K
  class space    used 7118K, committed 7296K, reserved 1048576K
}
Event: 37.886 GC heap after
{Heap after GC invocations=30 (full 0):
 garbage-first heap   total 188416K, used 94336K [0x0000000082800000, 0x0000000100000000)
  region size 1024K, 7 young (7168K), 7 survivors (7168K)
 Metaspace       used 64180K, committed 64512K, reserved 1114112K
  class space    used 7118K, committed 7296K, reserved 1048576K
}
Event: 42.605 GC heap before
{Heap before GC invocations=30 (full 0):
 garbage-first heap   total 188416K, used 153728K [0x0000000082800000, 0x0000000100000000)
  region size 1024K, 65 young (66560K), 7 survivors (7168K)
 Metaspace       used 72549K, committed 72832K, reserved 1114112K
  class space    used 7982K, committed 8128K, reserved 1048576K
}
Event: 42.650 GC heap after
{Heap after GC invocations=31 (full 0):
 garbage-first heap   total 188416K, used 99870K [0x0000000082800000, 0x0000000100000000)
  region size 1024K, 9 young (9216K), 9 survivors (9216K)
 Metaspace       used 72549K, committed 72832K, reserved 1114112K
  class space    used 7982K, committed 8128K, reserved 1048576K
}
Event: 44.897 GC heap before
{Heap before GC invocations=31 (full 0):
 garbage-first heap   total 188416K, used 154142K [0x0000000082800000, 0x0000000100000000)
  region size 1024K, 62 young (63488K), 9 survivors (9216K)
 Metaspace       used 73639K, committed 74048K, reserved 1179648K
  class space    used 8057K, committed 8256K, reserved 1048576K
}
Event: 44.955 GC heap after
{Heap after GC invocations=32 (full 0):
 garbage-first heap   total 188416K, used 111435K [0x0000000082800000, 0x0000000100000000)
  region size 1024K, 8 young (8192K), 8 survivors (8192K)
 Metaspace       used 73639K, committed 74048K, reserved 1179648K
  class space    used 8057K, committed 8256K, reserved 1048576K
}
Event: 47.104 GC heap before
{Heap before GC invocations=32 (full 0):
 garbage-first heap   total 188416K, used 152395K [0x0000000082800000, 0x0000000100000000)
  region size 1024K, 48 young (49152K), 8 survivors (8192K)
 Metaspace       used 79521K, committed 79872K, reserved 1179648K
  class space    used 8669K, committed 8832K, reserved 1048576K
}
Event: 47.137 GC heap after
{Heap after GC invocations=33 (full 0):
 garbage-first heap   total 188416K, used 114960K [0x0000000082800000, 0x0000000100000000)
  region size 1024K, 3 young (3072K), 3 survivors (3072K)
 Metaspace       used 79521K, committed 79872K, reserved 1179648K
  class space    used 8669K, committed 8832K, reserved 1048576K
}
Event: 49.132 GC heap before
{Heap before GC invocations=33 (full 0):
 garbage-first heap   total 188416K, used 153872K [0x0000000082800000, 0x0000000100000000)
  region size 1024K, 42 young (43008K), 3 survivors (3072K)
 Metaspace       used 84260K, committed 84672K, reserved 1179648K
  class space    used 9133K, committed 9344K, reserved 1048576K
}

